<?xml version="1.0" encoding="UTF-8"?>
<testng-results skipped="0" failed="0" total="1" passed="1">
  <reporter-output>
  </reporter-output>
  <suite name="Default suite" duration-ms="4067" started-at="2020-04-23T10:40:32Z" finished-at="2020-04-23T10:40:36Z">
    <groups>
    </groups>
    <test name="Default test" duration-ms="4067" started-at="2020-04-23T10:40:32Z" finished-at="2020-04-23T10:40:36Z">
      <class name="restassuredapi.CreateGitRepo_Tokens">
        <test-method status="PASS" signature="createRepo_Tokens()[pri:0, instance:restassuredapi.CreateGitRepo_Tokens@28feb3fa]" name="createRepo_Tokens" duration-ms="4052" started-at="2020-04-23T16:10:32Z" finished-at="2020-04-23T16:10:36Z">
          <reporter-output>
          </reporter-output>
        </test-method> <!-- createRepo_Tokens -->
      </class> <!-- restassuredapi.CreateGitRepo_Tokens -->
    </test> <!-- Default test -->
  </suite> <!-- Default suite -->
</testng-results>
